C:\Program Files (x86)\MSBuild\Microsoft.Cpp\v4.0\V120\Microsoft.CppBuild.targets(381,5): warning MSB8028: The intermediate directory (Debug\) contains files shared from another project (libprotobuf-lite.vcxproj, libprotobuf.vcxproj).  This can lead to incorrect clean and rebuild behavior.
  zip_writer.cc
  subprocess.cc
  python_generator.cc
  plugin.pb.cc
  plugin.cc
  java_string_field.cc
  java_shared_code_generator.cc
  java_service.cc
  java_primitive_field.cc
  java_name_resolver.cc
  java_message_field.cc
  java_message.cc
  java_lazy_message_field.cc
  java_helpers.cc
  java_generator_factory.cc
  java_generator.cc
  java_file.cc
  java_field.cc
  java_extension.cc
  java_enum_field.cc
  正在生成代码...
  正在编译...
  java_enum.cc
  java_doc_comment.cc
  java_context.cc
  cpp_string_field.cc
  cpp_service.cc
  cpp_primitive_field.cc
  cpp_message_field.cc
  cpp_message.cc
g:\001work\gametool\gametool\tool\protobuf\protobuf-2.6.1\src\google\protobuf\compiler\cpp\cpp_message.cc(692): warning C4065: switch 语句包含“default”但是未包含“case”标签
  cpp_helpers.cc
  cpp_generator.cc
  cpp_file.cc
  cpp_field.cc
  cpp_extension.cc
  cpp_enum_field.cc
  cpp_enum.cc
  command_line_interface.cc
  code_generator.cc
  正在生成代码...
C:\Program Files (x86)\MSBuild\Microsoft.Cpp\v4.0\V120\Microsoft.CppBuild.targets(381,5): warning MSB8028: The intermediate directory (Debug\) contains files shared from another project (libprotobuf-lite.vcxproj, libprotoc.vcxproj).  This can lead to incorrect clean and rebuild behavior.
  libprotoc.vcxproj -> G:\001Work\GameTool\GameTool\Tool\protobuf\protobuf-2.6.1\vsprojects\Debug\libprotoc.lib
